SF:lib\src\carded_list.dart
DA:7,1
DA:30,1
DA:33,1
DA:34,1
DA:35,2
DA:36,1
DA:37,1
DA:38,1
DA:39,1
DA:46,1
DA:48,1
DA:50,1
DA:51,3
DA:53,2
DA:54,1
DA:55,1
DA:56,1
DA:57,1
DA:58,1
DA:61,2
DA:63,1
DA:64,1
DA:65,1
DA:66,1
LF:24
LH:24
end_of_record
SF:lib\src\shadowed_scrollable_list.dart
DA:5,1
DA:24,1
DA:26,1
DA:34,1
DA:36,1
DA:37,3
DA:38,2
DA:39,2
DA:43,1
DA:44,2
DA:45,3
DA:46,2
DA:47,1
DA:48,2
DA:49,1
DA:50,0
DA:54,0
DA:56,0
DA:57,0
DA:58,0
DA:59,0
DA:61,0
DA:62,0
DA:65,0
DA:66,0
DA:70,1
DA:72,2
DA:74,1
DA:75,1
DA:77,2
DA:78,1
DA:79,1
DA:81,1
DA:83,0
DA:86,1
DA:90,2
DA:91,1
DA:92,1
DA:94,2
DA:98,1
DA:99,1
DA:100,1
DA:103,2
DA:112,1
DA:116,2
DA:117,1
DA:118,1
DA:120,2
DA:121,0
DA:122,0
DA:126,1
DA:127,1
DA:128,1
DA:131,2
DA:140,3
DA:141,1
DA:142,1
DA:143,2
DA:144,3
DA:149,1
DA:150,0
DA:151,0
DA:154,0
DA:155,0
DA:156,0
DA:157,0
DA:158,0
DA:159,0
DA:163,0
DA:164,0
DA:175,1
DA:176,3
DA:178,1
DA:179,1
DA:184,1
DA:185,1
DA:187,3
DA:188,1
DA:189,3
DA:191,2
DA:192,1
DA:196,1
DA:198,3
DA:199,2
DA:200,1
LF:85
LH:62
end_of_record
SF:lib\src\tertiary_icon_button.dart
DA:5,0
DA:16,0
DA:18,0
DA:20,0
DA:21,0
DA:22,0
DA:23,0
DA:24,0
DA:25,0
DA:27,0
DA:28,0
DA:30,0
DA:32,0
DA:33,0
DA:34,0
DA:35,0
LF:16
LH:0
end_of_record
